c:\users\jorda\desktop\c++\cppcoursework2021-v102\debug\courseworkbase2020.bsc
c:\users\jorda\desktop\c++\cppcoursework2021-v102\debug\vc142.pdb
c:\users\jorda\desktop\c++\cppcoursework2021-v102\debug\basestate.sbr
c:\users\jorda\desktop\c++\cppcoursework2021-v102\debug\draggingdemo.sbr
c:\users\jorda\desktop\c++\cppcoursework2021-v102\debug\drawingsurface.sbr
c:\users\jorda\desktop\c++\cppcoursework2021-v102\debug\flashingdemo.sbr
c:\users\jorda\desktop\c++\cppcoursework2021-v102\debug\imagemappingdemo.sbr
c:\users\jorda\desktop\c++\cppcoursework2021-v102\debug\losestate.sbr
c:\users\jorda\desktop\c++\cppcoursework2021-v102\debug\menustate.sbr
c:\users\jorda\desktop\c++\cppcoursework2021-v102\debug\mybasicbutton.sbr
c:\users\jorda\desktop\c++\cppcoursework2021-v102\debug\mytextbar.sbr
c:\users\jorda\desktop\c++\cppcoursework2021-v102\debug\mytogglebutton.sbr
c:\users\jorda\desktop\c++\cppcoursework2021-v102\debug\playstate.sbr
c:\users\jorda\desktop\c++\cppcoursework2021-v102\debug\psyjl16engine.sbr
c:\users\jorda\desktop\c++\cppcoursework2021-v102\debug\mainfunction.sbr
c:\users\jorda\desktop\c++\cppcoursework2021-v102\debug\baseengine.sbr
c:\users\jorda\desktop\c++\cppcoursework2021-v102\debug\displayableobject.sbr
c:\users\jorda\desktop\c++\cppcoursework2021-v102\debug\fontmanager.sbr
c:\users\jorda\desktop\c++\cppcoursework2021-v102\debug\mycharacter.sbr
c:\users\jorda\desktop\c++\cppcoursework2021-v102\debug\myenemy.sbr
c:\users\jorda\desktop\c++\cppcoursework2021-v102\debug\myobjectb.sbr
c:\users\jorda\desktop\c++\cppcoursework2021-v102\debug\psyjl16tilemanager.sbr
c:\users\jorda\desktop\c++\cppcoursework2021-v102\debug\psyjl16tilemanager.obj
c:\users\jorda\desktop\c++\cppcoursework2021-v102\debug\myobjectb.obj
c:\users\jorda\desktop\c++\cppcoursework2021-v102\debug\myenemy.obj
c:\users\jorda\desktop\c++\cppcoursework2021-v102\debug\mycharacter.obj
c:\users\jorda\desktop\c++\cppcoursework2021-v102\debug\fontmanager.obj
c:\users\jorda\desktop\c++\cppcoursework2021-v102\debug\displayableobject.obj
c:\users\jorda\desktop\c++\cppcoursework2021-v102\debug\baseengine.obj
c:\users\jorda\desktop\c++\cppcoursework2021-v102\debug\mainfunction.obj
c:\users\jorda\desktop\c++\cppcoursework2021-v102\debug\psyjl16engine.obj
c:\users\jorda\desktop\c++\cppcoursework2021-v102\debug\playstate.obj
c:\users\jorda\desktop\c++\cppcoursework2021-v102\debug\mytogglebutton.obj
c:\users\jorda\desktop\c++\cppcoursework2021-v102\debug\mytextbar.obj
c:\users\jorda\desktop\c++\cppcoursework2021-v102\debug\mybasicbutton.obj
c:\users\jorda\desktop\c++\cppcoursework2021-v102\debug\menustate.obj
c:\users\jorda\desktop\c++\cppcoursework2021-v102\debug\losestate.obj
c:\users\jorda\desktop\c++\cppcoursework2021-v102\debug\imagemappingdemo.obj
c:\users\jorda\desktop\c++\cppcoursework2021-v102\debug\flashingdemo.obj
c:\users\jorda\desktop\c++\cppcoursework2021-v102\debug\drawingsurface.obj
c:\users\jorda\desktop\c++\cppcoursework2021-v102\debug\draggingdemo.obj
c:\users\jorda\desktop\c++\cppcoursework2021-v102\debug\basestate.obj
c:\users\jorda\desktop\c++\cppcoursework2021-v102\debug\simpleimage.sbr
c:\users\jorda\desktop\c++\cppcoursework2021-v102\debug\simpledemo.sbr
c:\users\jorda\desktop\c++\cppcoursework2021-v102\debug\starfielddemo.sbr
c:\users\jorda\desktop\c++\cppcoursework2021-v102\debug\tilemanager.sbr
c:\users\jorda\desktop\c++\cppcoursework2021-v102\debug\bouncingball.sbr
c:\users\jorda\desktop\c++\cppcoursework2021-v102\debug\bouncingballmain.sbr
c:\users\jorda\desktop\c++\cppcoursework2021-v102\debug\winstate.sbr
c:\users\jorda\desktop\c++\cppcoursework2021-v102\debug\zoomingdemo.sbr
c:\users\jorda\desktop\c++\cppcoursework2021-v102\debug\zoomingdemo.obj
c:\users\jorda\desktop\c++\cppcoursework2021-v102\debug\winstate.obj
c:\users\jorda\desktop\c++\cppcoursework2021-v102\debug\bouncingballmain.obj
c:\users\jorda\desktop\c++\cppcoursework2021-v102\debug\bouncingball.obj
c:\users\jorda\desktop\c++\cppcoursework2021-v102\debug\tilemanager.obj
c:\users\jorda\desktop\c++\cppcoursework2021-v102\debug\starfielddemo.obj
c:\users\jorda\desktop\c++\cppcoursework2021-v102\debug\simpledemo.obj
c:\users\jorda\desktop\c++\cppcoursework2021-v102\debug\simpleimage.obj
c:\users\jorda\desktop\c++\cppcoursework2021-v102\debug\mazedemomain.sbr
c:\users\jorda\desktop\c++\cppcoursework2021-v102\debug\mazedemoobject.sbr
c:\users\jorda\desktop\c++\cppcoursework2021-v102\debug\mazedemotilemanager.sbr
c:\users\jorda\desktop\c++\cppcoursework2021-v102\debug\mazedemotilemanager.obj
c:\users\jorda\desktop\c++\cppcoursework2021-v102\debug\mazedemoobject.obj
c:\users\jorda\desktop\c++\cppcoursework2021-v102\debug\mazedemomain.obj
c:\users\jorda\desktop\c++\cppcoursework2021-v102\debug\courseworkbase2020.exe
c:\users\jorda\desktop\c++\cppcoursework2021-v102\debug\courseworkbase2020.ilk
c:\users\jorda\desktop\c++\cppcoursework2021-v102\src\map
c:\users\jorda\desktop\c++\cppcoursework2021-v102\debug\courseworkbase2020.pdb
c:\users\jorda\desktop\c++\cppcoursework2021-v102\/debug\courseworkbase2020.pdb
c:\users\jorda\desktop\c++\cppcoursework2021-v102\/debug\courseworkbase2020.bsc
c:\users\jorda\desktop\c++\cppcoursework2021-v102\/debug\courseworkbase2020.ilk
c:\users\jorda\desktop\c++\cppcoursework2021-v102\debug\coursewo.63f64093.tlog\bscmake.command.1.tlog
c:\users\jorda\desktop\c++\cppcoursework2021-v102\debug\coursewo.63f64093.tlog\bscmake.read.1.tlog
c:\users\jorda\desktop\c++\cppcoursework2021-v102\debug\coursewo.63f64093.tlog\bscmake.write.1.tlog
c:\users\jorda\desktop\c++\cppcoursework2021-v102\debug\coursewo.63f64093.tlog\cl.command.1.tlog
c:\users\jorda\desktop\c++\cppcoursework2021-v102\debug\coursewo.63f64093.tlog\cl.read.1.tlog
c:\users\jorda\desktop\c++\cppcoursework2021-v102\debug\coursewo.63f64093.tlog\cl.write.1.tlog
c:\users\jorda\desktop\c++\cppcoursework2021-v102\debug\coursewo.63f64093.tlog\link.command.1.tlog
c:\users\jorda\desktop\c++\cppcoursework2021-v102\debug\coursewo.63f64093.tlog\link.read.1.tlog
c:\users\jorda\desktop\c++\cppcoursework2021-v102\debug\coursewo.63f64093.tlog\link.write.1.tlog
